{
  "RSpec": {
    "coverage": {
      "/Users/jling/turing/2module/projects/IdeaBox2/spec/models/user_spec.rb": [
        1,
        null,
        1,
        1,
        2,
        2,
        2,
        null,
        null,
        1,
        1,
        1,
        null,
        1,
        1,
        null,
        1,
        1,
        null,
        1,
        1,
        null,
        null,
        null
      ],
      "/Users/jling/turing/2module/projects/IdeaBox2/app/models/user.rb": [
        1,
        1,
        1,
        null,
        1,
        null,
        1,
        null
      ],
      "/Users/jling/turing/2module/projects/IdeaBox2/app/models/application_record.rb": [
        1,
        1,
        null
      ],
      "/Users/jling/turing/2module/projects/IdeaBox2/app/controllers/welcome_controller.rb": [
        1,
        1,
        null,
        null
      ],
      "/Users/jling/turing/2module/projects/IdeaBox2/app/controllers/application_controller.rb": [
        1,
        1,
        null
      ],
      "/Users/jling/turing/2module/projects/IdeaBox2/app/controllers/users_controller.rb": [
        1,
        1,
        1,
        null,
        null
      ]
    },
    "timestamp": 1536110109
  }
}
