{
  "RSpec": {
    "coverage": {
      "/Users/jling/turing/2module/projects/IdeaBox2/spec/features/admin_can_create_new_image_spec.rb": [
        1,
        null,
        1,
        1,
        1,
        1,
        1,
        1,
        null,
        1,
        null,
        1,
        1,
        1,
        1,
        1,
        null,
        1,
        1,
        null,
        null,
        null,
        null
      ],
      "/Users/jling/turing/2module/projects/IdeaBox2/spec/features/admin_can_delete_category_spec.rb": [
        1,
        null,
        1,
        1,
        1,
        1,
        1,
        1,
        null,
        1,
        1,
        null,
        1,
        null,
        1,
        1,
        null,
        null,
        1,
        1,
        1,
        null,
        null,
        null,
        null
      ],
      "/Users/jling/turing/2module/projects/IdeaBox2/spec/features/user_can_add_image_to_idea_spec.rb": [
        1,
        null,
        1,
        1,
        1,
        1,
        1,
        1,
        1,
        1,
        1,
        1,
        1,
        1,
        1,
        1,
        null,
        1,
        null,
        0,
        null,
        null,
        null,
        null
      ],
      "/Users/jling/turing/2module/projects/IdeaBox2/spec/features/user_can_create_an_idea_spec.rb": [
        1,
        null,
        1,
        1,
        1,
        1,
        1,
        1,
        1,
        null,
        1,
        null,
        1,
        null,
        1,
        1,
        1,
        1,
        1,
        null,
        1,
        1,
        1,
        1,
        null,
        null,
        null,
        null
      ],
      "/Users/jling/turing/2module/projects/IdeaBox2/spec/features/user_can_delete_an_idea_spec.rb": [
        1,
        null,
        1,
        1,
        1,
        1,
        1,
        1,
        null,
        1,
        1,
        1,
        null,
        1,
        1,
        null,
        1,
        1,
        1,
        1,
        null,
        null,
        null,
        null
      ],
      "/Users/jling/turing/2module/projects/IdeaBox2/spec/features/user_can_edit_an_idea_spec.rb": [
        1,
        null,
        1,
        1,
        1,
        1,
        1,
        1,
        1,
        1,
        null,
        1,
        null,
        1,
        null,
        1,
        1,
        1,
        1,
        null,
        1,
        1,
        1,
        null,
        null,
        null,
        null
      ],
      "/Users/jling/turing/2module/projects/IdeaBox2/spec/features/user_can_log_out_spec.rb": [
        1,
        null,
        1,
        1,
        1,
        1,
        null,
        1,
        null,
        1,
        null,
        1,
        1,
        null,
        1,
        1,
        1,
        1,
        1,
        1,
        null,
        null,
        null
      ],
      "/Users/jling/turing/2module/projects/IdeaBox2/spec/features/user_can_register_and_login_spec.rb": [
        1,
        null,
        1,
        1,
        1,
        1,
        null,
        1,
        null,
        1,
        null,
        1,
        null,
        1,
        1,
        null,
        1,
        1,
        1,
        1,
        null,
        null,
        null,
        null
      ],
      "/Users/jling/turing/2module/projects/IdeaBox2/spec/features/user_can_see_all_ideas_spec.rb": [
        1
      ],
      "/Users/jling/turing/2module/projects/IdeaBox2/spec/models/category_spec.rb": [
        1,
        null,
        1,
        1,
        2,
        null,
        null,
        1,
        2,
        null,
        null
      ],
      "/Users/jling/turing/2module/projects/IdeaBox2/app/models/category.rb": [
        1,
        1,
        1,
        null
      ],
      "/Users/jling/turing/2module/projects/IdeaBox2/app/models/application_record.rb": [
        1,
        1,
        null
      ],
      "/Users/jling/turing/2module/projects/IdeaBox2/spec/models/idea_image_spec.rb": [
        1,
        null,
        1,
        1,
        2,
        2,
        null,
        null,
        1,
        2,
        2,
        null,
        null
      ],
      "/Users/jling/turing/2module/projects/IdeaBox2/app/models/idea_image.rb": [
        1,
        1,
        1,
        1,
        1,
        null
      ],
      "/Users/jling/turing/2module/projects/IdeaBox2/spec/models/idea_spec.rb": [
        1,
        null,
        1,
        1,
        2,
        2,
        null,
        null,
        1,
        2,
        2,
        2,
        null,
        null
      ],
      "/Users/jling/turing/2module/projects/IdeaBox2/app/models/idea.rb": [
        1,
        1,
        1,
        1,
        1,
        1,
        1,
        null
      ],
      "/Users/jling/turing/2module/projects/IdeaBox2/spec/models/image_spec.rb": [
        1,
        null,
        1,
        1,
        2,
        null,
        null,
        1,
        2,
        2,
        null,
        null
      ],
      "/Users/jling/turing/2module/projects/IdeaBox2/app/models/image.rb": [
        1,
        1,
        1,
        1,
        null
      ],
      "/Users/jling/turing/2module/projects/IdeaBox2/spec/models/user_spec.rb": [
        1,
        null,
        1,
        1,
        2,
        2,
        2,
        null,
        null,
        1,
        2,
        null,
        null,
        1,
        1,
        1,
        null,
        1,
        1,
        null,
        1,
        1,
        null,
        1,
        1,
        null,
        null,
        null
      ],
      "/Users/jling/turing/2module/projects/IdeaBox2/app/models/user.rb": [
        1,
        1,
        1,
        1,
        null,
        1,
        null,
        1,
        null
      ],
      "/Users/jling/turing/2module/projects/IdeaBox2/app/controllers/welcome_controller.rb": [
        1,
        1,
        null,
        null
      ],
      "/Users/jling/turing/2module/projects/IdeaBox2/app/controllers/application_controller.rb": [
        1,
        1,
        null,
        1,
        null,
        1,
        11,
        null,
        null,
        1,
        4,
        null,
        null
      ],
      "/Users/jling/turing/2module/projects/IdeaBox2/app/controllers/users_controller.rb": [
        1,
        1,
        1,
        null,
        null,
        1,
        1,
        1,
        1,
        1,
        null,
        0,
        null,
        null,
        null,
        1,
        null,
        1,
        1,
        null,
        null
      ],
      "/Users/jling/turing/2module/projects/IdeaBox2/app/controllers/ideas_controller.rb": [
        1,
        null,
        1,
        1,
        null,
        1,
        5,
        null,
        5,
        null,
        0,
        null,
        null,
        null,
        1,
        1,
        null,
        null,
        1,
        1,
        1,
        1,
        null,
        0,
        null,
        null,
        null,
        1,
        null,
        null,
        1,
        1,
        1,
        null,
        null,
        1,
        null,
        null,
        1,
        1,
        1,
        null,
        null,
        1,
        null,
        1,
        2,
        null,
        null,
        1,
        7,
        null,
        null,
        1,
        15,
        null,
        null
      ],
      "/Users/jling/turing/2module/projects/IdeaBox2/app/controllers/admin/images_controller.rb": [
        1,
        1,
        2,
        null,
        null,
        1,
        1,
        null,
        null,
        1,
        1,
        1,
        1,
        null,
        0,
        null,
        null,
        null,
        1,
        null,
        1,
        1,
        null,
        null
      ],
      "/Users/jling/turing/2module/projects/IdeaBox2/app/controllers/sessions_controller.rb": [
        1,
        1,
        null,
        null,
        1,
        1,
        1,
        1,
        1,
        null,
        0,
        null,
        null,
        null,
        1,
        1,
        1,
        null,
        null,
        null
      ],
      "/Users/jling/turing/2module/projects/IdeaBox2/app/controllers/admin/categories_controller.rb": [
        1,
        1,
        4,
        4,
        null,
        0,
        null,
        null,
        null,
        1,
        1,
        1,
        null,
        null,
        1,
        1,
        null,
        null,
        1,
        1,
        1,
        1,
        null,
        0,
        null,
        null,
        null,
        1,
        null,
        1,
        1,
        null,
        null
      ],
      "/Users/jling/turing/2module/projects/IdeaBox2/app/controllers/idea_images_controller.rb": [
        1,
        1,
        1,
        1,
        null,
        null,
        1,
        0,
        0,
        null,
        null
      ]
    },
    "timestamp": 1536241094
  }
}
